[ 2017-01-01T12:56:27+08:00 ] 127.0.0.1 /Imooc/index.php
INFO: [ app_init ] --START--
INFO: Run Behavior\BuildLiteBehavior [ RunTime:0.000020s ]
INFO: [ app_init ] --END-- [ RunTime:0.007170s ]
INFO: [ app_begin ] --START--
INFO: Run Behavior\ReadHtmlCacheBehavior [ RunTime:0.000768s ]
INFO: [ app_begin ] --END-- [ RunTime:0.000842s ]
NOTIC: [8] Undefined index: signature G:\PHPSites\news\Imooc\weixin\Home\Controller\IndexController.class.php 第 7 行.
NOTIC: [8] Undefined index: timestamp G:\PHPSites\news\Imooc\weixin\Home\Controller\IndexController.class.php 第 8 行.
NOTIC: [8] Undefined index: nonce G:\PHPSites\news\Imooc\weixin\Home\Controller\IndexController.class.php 第 9 行.
NOTIC: [8] Undefined index: echostr G:\PHPSites\news\Imooc\weixin\Home\Controller\IndexController.class.php 第 11 行.
NOTIC: [8] Undefined index: HTTP_RAW_POST_DATA G:\PHPSites\news\Imooc\weixin\Home\Controller\IndexController.class.php 第 29 行.
NOTIC: [8] Trying to get property of non-object G:\PHPSites\news\Imooc\weixin\Home\Controller\IndexController.class.php 第 40 行.
NOTIC: [8] Trying to get property of non-object G:\PHPSites\news\Imooc\weixin\Home\Controller\IndexController.class.php 第 150 行.
INFO: [ app_end ] --START--
INFO: Run Behavior\ShowPageTraceBehavior [ RunTime:0.000890s ]
INFO: [ app_end ] --END-- [ RunTime:0.000967s ]

[ 2017-01-01T12:56:40+08:00 ] 127.0.0.1 /Imooc/index.php/Home/Index/test
INFO: [ app_init ] --START--
INFO: Run Behavior\BuildLiteBehavior [ RunTime:0.000019s ]
INFO: [ app_init ] --END-- [ RunTime:0.000597s ]
INFO: [ app_begin ] --START--
INFO: Run Behavior\ReadHtmlCacheBehavior [ RunTime:0.000630s ]
INFO: [ app_begin ] --END-- [ RunTime:0.000710s ]

[ 2017-01-01T12:57:42+08:00 ] 127.0.0.1 /Imooc/index.php/Home/Index/test
INFO: [ app_init ] --START--
INFO: Run Behavior\BuildLiteBehavior [ RunTime:0.000017s ]
INFO: [ app_init ] --END-- [ RunTime:0.000475s ]
INFO: [ app_begin ] --START--
INFO: Run Behavior\ReadHtmlCacheBehavior [ RunTime:0.000719s ]
INFO: [ app_begin ] --END-- [ RunTime:0.000790s ]
INFO: [ app_end ] --START--
INFO: Run Behavior\ShowPageTraceBehavior [ RunTime:0.000782s ]
INFO: [ app_end ] --END-- [ RunTime:0.000869s ]

[ 2017-01-01T12:58:43+08:00 ] 127.0.0.1 /Imooc/index.php/Home/Index/test
INFO: [ app_init ] --START--
INFO: Run Behavior\BuildLiteBehavior [ RunTime:0.000017s ]
INFO: [ app_init ] --END-- [ RunTime:0.000498s ]
INFO: [ app_begin ] --START--
INFO: Run Behavior\ReadHtmlCacheBehavior [ RunTime:0.000672s ]
INFO: [ app_begin ] --END-- [ RunTime:0.000738s ]
INFO: [ app_end ] --START--
INFO: Run Behavior\ShowPageTraceBehavior [ RunTime:0.001114s ]
INFO: [ app_end ] --END-- [ RunTime:0.001246s ]

[ 2017-01-01T13:15:18+08:00 ] 127.0.0.1 /Imooc/index.php/Home/Index/test
INFO: [ app_init ] --START--
INFO: Run Behavior\BuildLiteBehavior [ RunTime:0.000016s ]
INFO: [ app_init ] --END-- [ RunTime:0.000485s ]
INFO: [ app_begin ] --START--
INFO: Run Behavior\ReadHtmlCacheBehavior [ RunTime:0.000665s ]
INFO: [ app_begin ] --END-- [ RunTime:0.000731s ]
INFO: [ app_end ] --START--
INFO: Run Behavior\ShowPageTraceBehavior [ RunTime:0.000695s ]
INFO: [ app_end ] --END-- [ RunTime:0.000775s ]

